app/build/intermediates/manifest_merge_blame_file/release/manifest-merger-blame-release-report.txt
1<?xml version="1.0" encoding="utf-8"?>
2<manifest xmlns:android="http://schemas.android.com/apk/res/android"
3    package="com.example.ecommerce_app"
4    android:versionCode="1"
5    android:versionName="1.0" >
6
7    <uses-sdk
8        android:minSdkVersion="21"
8-->src\main\AndroidManifest.xml
9        android:targetSdkVersion="32" />
9-->src\main\AndroidManifest.xml
10
11    <uses-permission android:name="android.permission.INTERNET" />
11-->src\main\AndroidManifest.xml:6:5-67
11-->src\main\AndroidManifest.xml:6:22-64
12    <uses-permission android:name="android.permission.ACCESS_NETWORK_STATE" />
12-->[com.google.firebase:firebase-auth:21.0.6] AndroidManifest.xml:24:5-79
12-->[com.google.firebase:firebase-auth:21.0.6] AndroidManifest.xml:24:22-76
13
14    <application
14-->src\main\AndroidManifest.xml:8:5-45:19
15        android:allowBackup="true"
15-->src\main\AndroidManifest.xml:9:9-35
16        android:appComponentFactory="androidx.core.app.CoreComponentFactory"
16-->[androidx.core:core:1.5.0] AndroidManifest.xml:24:18-86
17        android:dataExtractionRules="@xml/data_extraction_rules"
17-->src\main\AndroidManifest.xml:10:9-65
18        android:fullBackupContent="@xml/backup_rules"
18-->src\main\AndroidManifest.xml:11:9-54
19        android:icon="@drawable/icon"
19-->src\main\AndroidManifest.xml:12:9-38
20        android:label="@string/app_name"
20-->src\main\AndroidManifest.xml:13:9-41
21        android:roundIcon="@drawable/icon"
21-->src\main\AndroidManifest.xml:14:9-43
22        android:supportsRtl="true"
22-->src\main\AndroidManifest.xml:15:9-35
23        android:theme="@style/Theme.Ecommerce_app" >
23-->src\main\AndroidManifest.xml:16:9-51
24        <activity
24-->src\main\AndroidManifest.xml:18:9-20:40
25            android:name="com.example.ecommerce_app.DetailActivity"
25-->src\main\AndroidManifest.xml:19:13-43
26            android:exported="false" />
26-->src\main\AndroidManifest.xml:20:13-37
27        <activity
27-->src\main\AndroidManifest.xml:21:9-23:40
28            android:name="com.example.ecommerce_app.ItemActivity"
28-->src\main\AndroidManifest.xml:22:13-41
29            android:exported="false" />
29-->src\main\AndroidManifest.xml:23:13-37
30        <activity
30-->src\main\AndroidManifest.xml:24:9-26:40
31            android:name="com.example.ecommerce_app.HomeActivity"
31-->src\main\AndroidManifest.xml:25:13-41
32            android:exported="false" />
32-->src\main\AndroidManifest.xml:26:13-37
33        <activity
33-->src\main\AndroidManifest.xml:27:9-29:40
34            android:name="com.example.ecommerce_app.RegisterActivity"
34-->src\main\AndroidManifest.xml:28:13-45
35            android:exported="false" />
35-->src\main\AndroidManifest.xml:29:13-37
36        <activity
36-->src\main\AndroidManifest.xml:30:9-32:40
37            android:name="com.example.ecommerce_app.LoginActivity"
37-->src\main\AndroidManifest.xml:31:13-42
38            android:exported="false" />
38-->src\main\AndroidManifest.xml:32:13-37
39        <activity
39-->src\main\AndroidManifest.xml:33:9-41:20
40            android:name="com.example.ecommerce_app.SplashScreen"
40-->src\main\AndroidManifest.xml:34:13-41
41            android:exported="true" >
41-->src\main\AndroidManifest.xml:35:13-36
42            <intent-filter>
42-->src\main\AndroidManifest.xml:36:13-40:29
43                <action android:name="android.intent.action.MAIN" />
43-->src\main\AndroidManifest.xml:37:17-69
43-->src\main\AndroidManifest.xml:37:25-66
44
45                <category android:name="android.intent.category.LAUNCHER" />
45-->src\main\AndroidManifest.xml:39:17-77
45-->src\main\AndroidManifest.xml:39:27-74
46            </intent-filter>
47        </activity>
48        <activity
48-->src\main\AndroidManifest.xml:42:9-44:39
49            android:name="com.example.ecommerce_app.MainActivity"
49-->src\main\AndroidManifest.xml:43:13-41
50            android:exported="true" />
50-->src\main\AndroidManifest.xml:44:13-36
51        <activity
51-->[com.google.firebase:firebase-auth:21.0.6] AndroidManifest.xml:27:9-44:20
52            android:name="com.google.firebase.auth.internal.GenericIdpActivity"
52-->[com.google.firebase:firebase-auth:21.0.6] AndroidManifest.xml:28:13-80
53            android:excludeFromRecents="true"
53-->[com.google.firebase:firebase-auth:21.0.6] AndroidManifest.xml:29:13-46
54            android:exported="true"
54-->[com.google.firebase:firebase-auth:21.0.6] AndroidManifest.xml:30:13-36
55            android:launchMode="singleTask"
55-->[com.google.firebase:firebase-auth:21.0.6] AndroidManifest.xml:31:13-44
56            android:theme="@android:style/Theme.Translucent.NoTitleBar" >
56-->[com.google.firebase:firebase-auth:21.0.6] AndroidManifest.xml:32:13-72
57            <intent-filter>
57-->[com.google.firebase:firebase-auth:21.0.6] AndroidManifest.xml:33:13-43:29
58                <action android:name="android.intent.action.VIEW" />
58-->[com.google.firebase:firebase-auth:21.0.6] AndroidManifest.xml:34:17-69
58-->[com.google.firebase:firebase-auth:21.0.6] AndroidManifest.xml:34:25-66
59
60                <category android:name="android.intent.category.DEFAULT" />
60-->[com.google.firebase:firebase-auth:21.0.6] AndroidManifest.xml:36:17-76
60-->[com.google.firebase:firebase-auth:21.0.6] AndroidManifest.xml:36:27-73
61                <category android:name="android.intent.category.BROWSABLE" />
61-->[com.google.firebase:firebase-auth:21.0.6] AndroidManifest.xml:37:17-78
61-->[com.google.firebase:firebase-auth:21.0.6] AndroidManifest.xml:37:27-75
62
63                <data
63-->[com.google.firebase:firebase-auth:21.0.6] AndroidManifest.xml:39:17-42:51
64                    android:host="firebase.auth"
64-->[com.google.firebase:firebase-auth:21.0.6] AndroidManifest.xml:40:21-49
65                    android:path="/"
65-->[com.google.firebase:firebase-auth:21.0.6] AndroidManifest.xml:41:21-37
66                    android:scheme="genericidp" />
66-->[com.google.firebase:firebase-auth:21.0.6] AndroidManifest.xml:42:21-48
67            </intent-filter>
68        </activity>
69        <activity
69-->[com.google.firebase:firebase-auth:21.0.6] AndroidManifest.xml:45:9-62:20
70            android:name="com.google.firebase.auth.internal.RecaptchaActivity"
70-->[com.google.firebase:firebase-auth:21.0.6] AndroidManifest.xml:46:13-79
71            android:excludeFromRecents="true"
71-->[com.google.firebase:firebase-auth:21.0.6] AndroidManifest.xml:47:13-46
72            android:exported="true"
72-->[com.google.firebase:firebase-auth:21.0.6] AndroidManifest.xml:48:13-36
73            android:launchMode="singleTask"
73-->[com.google.firebase:firebase-auth:21.0.6] AndroidManifest.xml:49:13-44
74            android:theme="@android:style/Theme.Translucent.NoTitleBar" >
74-->[com.google.firebase:firebase-auth:21.0.6] AndroidManifest.xml:50:13-72
75            <intent-filter>
75-->[com.google.firebase:firebase-auth:21.0.6] AndroidManifest.xml:51:13-61:29
76                <action android:name="android.intent.action.VIEW" />
76-->[com.google.firebase:firebase-auth:21.0.6] AndroidManifest.xml:34:17-69
76-->[com.google.firebase:firebase-auth:21.0.6] AndroidManifest.xml:34:25-66
77
78                <category android:name="android.intent.category.DEFAULT" />
78-->[com.google.firebase:firebase-auth:21.0.6] AndroidManifest.xml:36:17-76
78-->[com.google.firebase:firebase-auth:21.0.6] AndroidManifest.xml:36:27-73
79                <category android:name="android.intent.category.BROWSABLE" />
79-->[com.google.firebase:firebase-auth:21.0.6] AndroidManifest.xml:37:17-78
79-->[com.google.firebase:firebase-auth:21.0.6] AndroidManifest.xml:37:27-75
80
81                <data
81-->[com.google.firebase:firebase-auth:21.0.6] AndroidManifest.xml:39:17-42:51
82                    android:host="firebase.auth"
82-->[com.google.firebase:firebase-auth:21.0.6] AndroidManifest.xml:40:21-49
83                    android:path="/"
83-->[com.google.firebase:firebase-auth:21.0.6] AndroidManifest.xml:41:21-37
84                    android:scheme="recaptcha" />
84-->[com.google.firebase:firebase-auth:21.0.6] AndroidManifest.xml:42:21-48
85            </intent-filter>
86        </activity>
87
88        <service
88-->[com.google.firebase:firebase-auth:21.0.6] AndroidManifest.xml:64:9-70:19
89            android:name="com.google.firebase.components.ComponentDiscoveryService"
89-->[com.google.firebase:firebase-auth:21.0.6] AndroidManifest.xml:65:13-84
90            android:directBootAware="true"
90-->[com.google.firebase:firebase-common:20.1.1] AndroidManifest.xml:35:13-43
91            android:exported="false" >
91-->[com.google.firebase:firebase-auth:21.0.6] AndroidManifest.xml:66:13-37
92            <meta-data
92-->[com.google.firebase:firebase-auth:21.0.6] AndroidManifest.xml:67:13-69:85
93                android:name="com.google.firebase.components:com.google.firebase.auth.FirebaseAuthRegistrar"
93-->[com.google.firebase:firebase-auth:21.0.6] AndroidManifest.xml:68:17-109
94                android:value="com.google.firebase.components.ComponentRegistrar" />
94-->[com.google.firebase:firebase-auth:21.0.6] AndroidManifest.xml:69:17-82
95            <meta-data
95-->[com.google.firebase:firebase-firestore:24.2.0] AndroidManifest.xml:20:13-22:85
96                android:name="com.google.firebase.components:com.google.firebase.firestore.FirestoreRegistrar"
96-->[com.google.firebase:firebase-firestore:24.2.0] AndroidManifest.xml:21:17-111
97                android:value="com.google.firebase.components.ComponentRegistrar" />
97-->[com.google.firebase:firebase-firestore:24.2.0] AndroidManifest.xml:22:17-82
98        </service>
99
100        <provider
100-->[com.google.firebase:firebase-common:20.1.1] AndroidManifest.xml:26:9-31:39
101            android:name="com.google.firebase.provider.FirebaseInitProvider"
101-->[com.google.firebase:firebase-common:20.1.1] AndroidManifest.xml:27:13-77
102            android:authorities="com.example.ecommerce_app.firebaseinitprovider"
102-->[com.google.firebase:firebase-common:20.1.1] AndroidManifest.xml:28:13-72
103            android:directBootAware="true"
103-->[com.google.firebase:firebase-common:20.1.1] AndroidManifest.xml:29:13-43
104            android:exported="false"
104-->[com.google.firebase:firebase-common:20.1.1] AndroidManifest.xml:30:13-37
105            android:initOrder="100" />
105-->[com.google.firebase:firebase-common:20.1.1] AndroidManifest.xml:31:13-36
106
107        <activity
107-->[com.google.android.gms:play-services-base:18.0.1] AndroidManifest.xml:20:9-22:45
108            android:name="com.google.android.gms.common.api.GoogleApiActivity"
108-->[com.google.android.gms:play-services-base:18.0.1] AndroidManifest.xml:20:19-85
109            android:exported="false"
109-->[com.google.android.gms:play-services-base:18.0.1] AndroidManifest.xml:22:19-43
110            android:theme="@android:style/Theme.Translucent.NoTitleBar" />
110-->[com.google.android.gms:play-services-base:18.0.1] AndroidManifest.xml:21:19-78
111
112        <meta-data
112-->[com.google.android.gms:play-services-basement:18.0.0] AndroidManifest.xml:21:9-23:69
113            android:name="com.google.android.gms.version"
113-->[com.google.android.gms:play-services-basement:18.0.0] AndroidManifest.xml:22:13-58
114            android:value="@integer/google_play_services_version" />
114-->[com.google.android.gms:play-services-basement:18.0.0] AndroidManifest.xml:23:13-66
115    </application>
116
117</manifest>